<?xml version="1.0" encoding="UTF-8"?>
<testsuite name="com.qaacademy.module4.automation.trello.api.runner.RunnerTest" tests="5" skipped="0" failures="0" errors="0" timestamp="2023-04-26T14:17:53" hostname="DESKTOP-7EPQJ76" time="19.664">
  <properties/>
  <testcase name="runScenario[0](&quot;Gets Boards&quot;, &quot;Boards&quot;)" classname="com.qaacademy.module4.automation.trello.api.runner.RunnerTest" time="7.546"/>
  <testcase name="runScenario[1](&quot;Gets a board&quot;, &quot;Boards&quot;)" classname="com.qaacademy.module4.automation.trello.api.runner.RunnerTest" time="3.241"/>
  <testcase name="runScenario[2](&quot;Creates a board&quot;, &quot;Boards&quot;)" classname="com.qaacademy.module4.automation.trello.api.runner.RunnerTest" time="2.706"/>
  <testcase name="runScenario[3](&quot;Update a board&quot;, &quot;Boards&quot;)" classname="com.qaacademy.module4.automation.trello.api.runner.RunnerTest" time="3.299"/>
  <testcase name="runScenario[4](&quot;Delete a board&quot;, &quot;Boards&quot;)" classname="com.qaacademy.module4.automation.trello.api.runner.RunnerTest" time="2.718"/>
  <system-out><![CDATA[
@regression @acceptance @boards
Scenario: Gets Boards                                             ?[90m# trello-api-automation/src/test/resources/features/boards.feature:6?[0m
  ?[32mGiven ?[0m?[32mI have a valid key and token?[0m                              ?[90m# com.qaacademy.module4.automation.trello.api.steps.BoardsSteps.iHaveAValidKeyAndToken()?[0m
  ?[32mWhen ?[0m?[32mI sen a request to GET boards endpoint ?[0m?[32m?[1m"members/me/boards"?[0m ?[90m# com.qaacademy.module4.automation.trello.api.steps.BoardsSteps.iSenARequestToGETBoardsEndpoint(java.lang.String)?[0m
  ?[32mThen ?[0m?[32mThe response status code should be ?[0m?[32m?[1m200?[0m                     ?[90m# com.qaacademy.module4.automation.trello.api.steps.BoardsSteps.theResponseStatusCodeShouldBe(int)?[0m
  ?[32mAnd ?[0m?[32mThe response should be contain ?[0m?[32m?[1m"boards"?[0m?[32m field?[0m               ?[90m# com.qaacademy.module4.automation.trello.api.steps.BoardsSteps.theResponseShouldBeContainField(java.lang.String)?[0m

@regression @acceptance @boards @createBoard @deleteBoard
Scenario: Gets a board                                            ?[90m# trello-api-automation/src/test/resources/features/boards.feature:12?[0m
  ?[32mGiven ?[0m?[32mI have a valid key and token?[0m                              ?[90m# com.qaacademy.module4.automation.trello.api.steps.BoardsSteps.iHaveAValidKeyAndToken()?[0m
  ?[32mWhen ?[0m?[32mI send a request to GET a board endpoint ?[0m?[32m?[1m"boards/{id}"?[0m     ?[90m# com.qaacademy.module4.automation.trello.api.steps.BoardsSteps.iSendARequestToGETABoardEndpoint(java.lang.String)?[0m
  ?[32mThen ?[0m?[32mThe response status code should be ?[0m?[32m?[1m200?[0m                     ?[90m# com.qaacademy.module4.automation.trello.api.steps.BoardsSteps.theResponseStatusCodeShouldBe(int)?[0m
  ?[32mAnd ?[0m?[32mThe response should have a field ?[0m?[32m?[1m"name"?[0m?[32m with value ?[0m?[32m?[1m"{name}"?[0m ?[90m# com.qaacademy.module4.automation.trello.api.steps.BoardsSteps.theResponseShouldHaveAFieldWithValue(java.lang.String,java.lang.String)?[0m

@regression @acceptance @boards @deleteBoard
Scenario: Creates a board                                                                    ?[90m# trello-api-automation/src/test/resources/features/boards.feature:18?[0m
  ?[32mGiven ?[0m?[32mI have a valid key and token?[0m                                                         ?[90m# com.qaacademy.module4.automation.trello.api.steps.BoardsSteps.iHaveAValidKeyAndToken()?[0m
  ?[32mWhen ?[0m?[32mI send a request to POST a boards endpoint ?[0m?[32m?[1m"boards"?[0m?[32m with name ?[0m?[32m?[1m"example-test2023-post"?[0m ?[90m# com.qaacademy.module4.automation.trello.api.steps.BoardsSteps.iSendARequestToPOSTABoardsEndpointWithName(java.lang.String,java.lang.String)?[0m
  ?[32mThen ?[0m?[32mThe response status code should be ?[0m?[32m?[1m200?[0m                                                ?[90m# com.qaacademy.module4.automation.trello.api.steps.BoardsSteps.theResponseStatusCodeShouldBe(int)?[0m
  ?[32mAnd ?[0m?[32mThe response should be contain ?[0m?[32m?[1m"comments"?[0m?[32m field?[0m                                        ?[90m# com.qaacademy.module4.automation.trello.api.steps.BoardsSteps.theResponseShouldBeContainField(java.lang.String)?[0m
  ?[32mAnd ?[0m?[32mThe response should have a field ?[0m?[32m?[1m"name"?[0m?[32m with value ?[0m?[32m?[1m"example-test2023-post"?[0m             ?[90m# com.qaacademy.module4.automation.trello.api.steps.BoardsSteps.theResponseShouldHaveAFieldWithValue(java.lang.String,java.lang.String)?[0m

@regression @acceptance @boards @createBoard @deleteBoard
Scenario: Update a board                                                                       ?[90m# trello-api-automation/src/test/resources/features/boards.feature:25?[0m
  ?[32mGiven ?[0m?[32mI have a valid key and token?[0m                                                           ?[90m# com.qaacademy.module4.automation.trello.api.steps.BoardsSteps.iHaveAValidKeyAndToken()?[0m
  ?[32mWhen ?[0m?[32mI sen a request to PUT a boards endpoint ?[0m?[32m?[1m"boards/{id}"?[0m?[32m with name ?[0m?[32m?[1m"example-test2023-put"?[0m ?[90m# com.qaacademy.module4.automation.trello.api.steps.BoardsSteps.iSenARequestToPUTABoardsEndpointWithName(java.lang.String,java.lang.String)?[0m
  ?[32mThen ?[0m?[32mThe response status code should be ?[0m?[32m?[1m200?[0m                                                  ?[90m# com.qaacademy.module4.automation.trello.api.steps.BoardsSteps.theResponseStatusCodeShouldBe(int)?[0m
  ?[32mAnd ?[0m?[32mThe response should be contain ?[0m?[32m?[1m"prefs"?[0m?[32m field?[0m                                             ?[90m# com.qaacademy.module4.automation.trello.api.steps.BoardsSteps.theResponseShouldBeContainField(java.lang.String)?[0m
  ?[32mAnd ?[0m?[32mThe response should have a field ?[0m?[32m?[1m"name"?[0m?[32m with value ?[0m?[32m?[1m"example-test2023-put"?[0m                ?[90m# com.qaacademy.module4.automation.trello.api.steps.BoardsSteps.theResponseShouldHaveAFieldWithValue(java.lang.String,java.lang.String)?[0m

@regression @acceptance @boards @createBoard
Scenario: Delete a board                                          ?[90m# trello-api-automation/src/test/resources/features/boards.feature:32?[0m
  ?[32mGiven ?[0m?[32mI have a valid key and token?[0m                              ?[90m# com.qaacademy.module4.automation.trello.api.steps.BoardsSteps.iHaveAValidKeyAndToken()?[0m
  ?[32mWhen ?[0m?[32mI send a request to DELETE a boards endpoint ?[0m?[32m?[1m"boards/{id}"?[0m ?[90m# com.qaacademy.module4.automation.trello.api.steps.BoardsSteps.iSendARequestToDELETEABoardsEndpoint(java.lang.String)?[0m
  ?[32mThen ?[0m?[32mThe response status code should be ?[0m?[32m?[1m200?[0m                     ?[90m# com.qaacademy.module4.automation.trello.api.steps.BoardsSteps.theResponseStatusCodeShouldBe(int)?[0m
  ?[32mAnd ?[0m?[32mThe response should be contain ?[0m?[32m?[1m"{\"_value\":null}"?[0m?[32m field?[0m    ?[90m# com.qaacademy.module4.automation.trello.api.steps.BoardsSteps.theResponseShouldBeContainField(java.lang.String)?[0m
]]></system-out>
  <system-err><![CDATA[]]></system-err>
</testsuite>
